<?xml version="1.0" encoding="UTF-8"?>
<!-- Generated by org.testng.reporters.JUnitXMLReporter -->
<testsuite hostname="vmsdcuksat01" ignored="0" name="SysTest Sign-In" tests="1" failures="1" timestamp="05 Jul 2019 08:49:33 GMT" time="0.047" errors="0">
  <testcase name="SysTestSignIn" time="0.0" classname="testCases.TestCase_003">
    <failure type="org.testng.TestNGException" message="
Parameter &amp;apos;STPassword&amp;apos; is required by @Test on method SysTestSignIn but has not been marked @Optional or defined
in C:\Automation\SDC\src\testng-config\testng.xml">
      <![CDATA[org.testng.TestNGException: 
Parameter 'STPassword' is required by @Test on method SysTestSignIn but has not been marked @Optional or defined
in C:\Automation\SDC\src\testng-config\testng.xml
... Removed 23 stack frames]]>
    </failure>
  </testcase> <!-- SysTestSignIn -->
</testsuite> <!-- SysTest Sign-In -->
